<?xml version="1.0" encoding="UTF-8"?>
<!-- Generated by org.testng.reporters.JUnitReportReporter -->
<testsuite hostname="DESKTOP-ORVEKOM" failures="0" tests="2" name="FormProjectt.FormProjectt.AppTest" time="2.115" errors="0" timestamp="2025-04-19T11:01:34 GMT+03:00" skipped="0">
  <testcase classname="FormProjectt.FormProjectt.AppTest" name="ScrollTest" time="1.073"/>
  <testcase classname="FormProjectt.FormProjectt.AppTest" name="FillingInputFields" time="1.042"/>
</testsuite> <!-- FormProjectt.FormProjectt.AppTest -->
